<?xml version="1.0" encoding="UTF-8"?>
<!-- Generated by org.testng.reporters.JUnitReportReporter -->
<testsuite name="com.cosmic.cubes.test.functional.NewTest" tests="1" time="19.950" ignored="0" failures="0" timestamp="21 Feb 2017 02:52:41 GMT" skipped="0" hostname="Manoj" errors="0">
  <testcase name="testFacebook" time="19.950" classname="com.cosmic.cubes.test.functional.NewTest"/>
</testsuite> <!-- com.cosmic.cubes.test.functional.NewTest -->
