<?xml version="1.0" encoding="UTF-8"?>
<!-- Generated by org.testng.reporters.JUnitReportReporter -->
<testsuite name="com.cosmic.cubes.test.regression.Screenshot" tests="1" time="21.869" ignored="0" failures="0" timestamp="01 Mar 2017 06:23:18 GMT" skipped="0" hostname="Manoj" errors="0">
  <testcase name="screenshot" time="21.869" classname="com.cosmic.cubes.test.regression.Screenshot"/>
</testsuite> <!-- com.cosmic.cubes.test.regression.Screenshot -->
