<?xml version="1.0" encoding="UTF-8"?>
<!-- Generated by org.testng.reporters.JUnitReportReporter -->
<testsuite name="com.cosmic.cubes.test.functional.TestNG1" tests="3" time="0.047" ignored="0" failures="0" timestamp="21 Feb 2017 03:14:27 GMT" skipped="0" hostname="Manoj" errors="0">
  <testcase name="BcreateUser" time="0.041" classname="com.cosmic.cubes.test.functional.TestNG1"/>
  <testcase name="ModifyUser" time="0.004" classname="com.cosmic.cubes.test.functional.TestNG1"/>
  <testcase name="AdeleteUser" time="0.002" classname="com.cosmic.cubes.test.functional.TestNG1"/>
</testsuite> <!-- com.cosmic.cubes.test.functional.TestNG1 -->
